11:44:43.879 [main] INFO  Start - Examle log info
11:44:43.880 [main] TRACE Start - Examle log info
11:44:43.880 [main] DEBUG Start - Examle log info
11:44:43.880 [main] ERROR Start - Examle log info
11:44:43.880 [main] FATAL Start - Examle log info
11:44:43.880 [main] WARN  Start - Examle log info
11:45:12.657 [main] INFO  Start - Examle log info
11:45:12.658 [main] TRACE Start - Examle log info
11:45:12.658 [main] DEBUG Start - Examle log info
11:45:12.658 [main] ERROR Start - Examle log info
11:45:12.658 [main] FATAL Start - Examle log info
11:45:12.659 [main] WARN  Start - Examle log info
11:48:46.445 [main] INFO  Start - Examle log info
11:48:46.446 [main] TRACE Start - Examle log trace
11:48:46.446 [main] DEBUG Start - Examle log debug
11:48:46.446 [main] ERROR Start - Examle log error
11:48:46.446 [main] FATAL Start - Examle log fatal
11:48:46.447 [main] WARN  Start - Examle log warn
11:52:03.541 [main] INFO  Start - Example log info
11:52:03.542 [main] TRACE Start - Example log trace
11:52:03.542 [main] DEBUG Start - Example log debug
11:52:03.543 [main] ERROR Start - Example log error
11:52:03.543 [main] FATAL Start - Example log fatal
11:52:03.543 [main] WARN  Start - Example log warn
11:53:50.287 [main] INFO  Start - Example log info
11:53:50.288 [main] TRACE Start - Example log trace
11:53:50.288 [main] DEBUG Start - Example log debug
11:53:50.288 [main] ERROR Start - Example log error
11:53:50.289 [main] FATAL Start - Example log fatal
11:53:50.289 [main] WARN  Start - Example log warn
12:11:03.019 [main] INFO  Start - Example log info
12:11:03.020 [main] TRACE Start - Example log trace
12:11:03.020 [main] DEBUG Start - Example log debug
12:11:03.020 [main] ERROR Start - Example log error
12:11:03.020 [main] FATAL Start - Example log fatal
12:11:03.021 [main] WARN  Start - Example log warn
12:12:12.755 [main] INFO  Start - Example log info
12:12:12.843 [main] TRACE Start - Example log trace
12:12:12.844 [main] DEBUG Start - Example log debug
12:12:12.844 [main] ERROR Start - Example log error
12:12:12.845 [main] FATAL Start - Example log fatal
12:12:12.845 [main] WARN  Start - Example log warn
